==============================================================================
20170130 19:27:34.948 - INFO - + START SUITE: Acceptancetest [ ]
==============================================================================
20170130 19:27:37.345 - INFO - +- START SUITE: Acceptancetest.TicTacToeGUITests [ ]
==============================================================================
20170130 19:27:37.371 - INFO - +-- START TEST: Win Diagonally as X [ ]
------------------------------------------------------------------------------
20170130 19:27:37.410 - INFO - +--- START KW: Start New Game [ ]
20170130 19:27:37.417 - INFO - +---- START KW: SwingLibrary.Start Application [ edu.jsu.mcis.TicTacToe ]
20170130 19:27:39.450 - INFO - You suck
Location00
Location01
Location02
Location10
Location11
Location12
Location20
Location21
Location22
You suck
Location00
Location01
Location02
Location10
Location11
Location12
Location20
Location21
Location22
20170130 19:27:39.458 - INFO - +---- END KW: SwingLibrary.Start Application (2038)
20170130 19:27:39.460 - INFO - +---- START KW: SwingLibrary.Select Window [ Tic Tac Toe ]
20170130 19:27:39.778 - DEBUG - Jemmy: Start to wait frame "Frame with name or title 'Tic Tac Toe'" opened
20170130 19:27:39.786 - DEBUG - Jemmy: Frame "Frame with name or title 'Tic Tac Toe'" has been opened in 6 milliseconds
    javax.swing.JFrame[frame0,300,200,300x300,layout=java.awt.BorderLayout,title=Tic Tac Toe,resizable,normal,defaultCloseOperation=EXIT_ON_CLOSE,rootPane=javax.swing.JRootPane[,8,31,284x261,layout=javax.swing.JRootPane$RootLayout,alignmentX=0.0,alignmentY=0.0,border=,flags=16777673,maximumSize=,minimumSize=,preferredSize=],rootPaneCheckingEnabled=true]
20170130 19:27:39.825 - INFO - +---- END KW: SwingLibrary.Select Window (363)
20170130 19:27:39.831 - INFO - +--- END KW: Start New Game (2419)
~~~~~~~~~~~~~~~~~~~~~~~~~~~~~~~~~~~~~~~~~~~~~~~~~~~~~~~~~~~~~~~~~~~~~~~~~~~~~~
20170130 19:27:39.833 - INFO - +--- START KW: Mark Location [ 1 | 1 ]
20170130 19:27:39.851 - INFO - +---- START KW: BuiltIn.Catenate [ SEPARATOR= | Location | ${row} | ${col} ]
20170130 19:27:39.884 - INFO - ${component} = Location11
20170130 19:27:39.897 - INFO - +---- END KW: BuiltIn.Catenate (46)
20170130 19:27:39.912 - INFO - +---- START KW: SwingLibrary.Click On Component [ ${component} ]
20170130 19:27:39.976 - DEBUG - Jemmy: Waiting for "Location11" subcomponent
20170130 19:27:39.978 - DEBUG - Jemmy: Start to wait action "Wait for "Location11" subcomponent to be displayed"
20170130 19:27:39.982 - DEBUG - Jemmy: "Wait for "Location11" subcomponent to be displayed" action has been produced in 3 milliseconds with result 
    : javax.swing.JButton[Location11,95,65,94x65,alignmentX=0.0,alignmentY=0.5,border=javax.swing.plaf.BorderUIResource$CompoundBorderUIResource@744b4e1b,flags=296,maximumSize=,minimumSize=,preferredSize=,defaultIcon=,disabledIcon=,disabledSelectedIcon=,margin=javax.swing.plaf.InsetsUIResource[top=2,left=14,bottom=2,right=14],paintBorder=true,paintFocus=true,pressedIcon=,rolloverEnabled=true,rolloverIcon=,rolloverSelectedIcon=,selectedIcon=,text=,defaultCapable=true]
20170130 19:27:40.025 - INFO - +---- END KW: SwingLibrary.Click On Component (113)
20170130 19:27:40.046 - INFO - +--- END KW: Mark Location (195)
~~~~~~~~~~~~~~~~~~~~~~~~~~~~~~~~~~~~~~~~~~~~~~~~~~~~~~~~~~~~~~~~~~~~~~~~~~~~~~
20170130 19:27:40.050 - INFO - +--- START KW: Check Location [ 1 | 1 | X ]
20170130 19:27:40.057 - INFO - +---- START KW: BuiltIn.Catenate [ SEPARATOR= | Location | ${row} | ${col} ]
20170130 19:27:40.066 - INFO - ${component} = Location11
20170130 19:27:40.071 - INFO - +---- END KW: BuiltIn.Catenate (13)
20170130 19:27:40.072 - INFO - +---- START KW: SwingLibrary.Get Button Text [ ${component} ]
20170130 19:27:40.147 - DEBUG - Jemmy: Waiting for "Location11" subcomponent
20170130 19:27:40.147 - DEBUG - Jemmy: Start to wait action "Wait for "Location11" subcomponent to be displayed"
20170130 19:27:40.264 - DEBUG - Jemmy: "Wait for "Location11" subcomponent to be displayed" action has been produced in 116 milliseconds with result 
    : javax.swing.JButton[Location11,95,65,94x65,alignmentX=0.0,alignmentY=0.5,border=javax.swing.plaf.BorderUIResource$CompoundBorderUIResource@744b4e1b,flags=296,maximumSize=,minimumSize=,preferredSize=,defaultIcon=,disabledIcon=,disabledSelectedIcon=,margin=javax.swing.plaf.InsetsUIResource[top=2,left=14,bottom=2,right=14],paintBorder=true,paintFocus=true,pressedIcon=,rolloverEnabled=true,rolloverIcon=,rolloverSelectedIcon=,selectedIcon=,text=X,defaultCapable=true]
20170130 19:27:40.288 - INFO - ${buttonText} = X
20170130 19:27:40.300 - INFO - +---- END KW: SwingLibrary.Get Button Text (219)
20170130 19:27:40.303 - INFO - +---- START KW: BuiltIn.Should Be Equal [ ${buttonText} | ${mark} ]
20170130 19:27:40.312 - INFO - +---- END KW: BuiltIn.Should Be Equal (9)
20170130 19:27:40.315 - INFO - +--- END KW: Check Location (267)
~~~~~~~~~~~~~~~~~~~~~~~~~~~~~~~~~~~~~~~~~~~~~~~~~~~~~~~~~~~~~~~~~~~~~~~~~~~~~~
20170130 19:27:40.317 - INFO - +--- START KW: Mark Location [ 0 | 1 ]
20170130 19:27:40.322 - INFO - +---- START KW: BuiltIn.Catenate [ SEPARATOR= | Location | ${row} | ${col} ]
20170130 19:27:40.338 - INFO - ${component} = Location01
20170130 19:27:40.346 - INFO - +---- END KW: BuiltIn.Catenate (17)
20170130 19:27:40.355 - INFO - +---- START KW: SwingLibrary.Click On Component [ ${component} ]
20170130 19:27:40.361 - DEBUG - Jemmy: Waiting for "Location01" subcomponent
20170130 19:27:40.361 - DEBUG - Jemmy: Start to wait action "Wait for "Location01" subcomponent to be displayed"
20170130 19:27:40.365 - DEBUG - Jemmy: "Wait for "Location01" subcomponent to be displayed" action has been produced in 3 milliseconds with result 
    : javax.swing.JButton[Location01,95,0,94x65,alignmentX=0.0,alignmentY=0.5,border=javax.swing.plaf.BorderUIResource$CompoundBorderUIResource@744b4e1b,flags=296,maximumSize=,minimumSize=,preferredSize=,defaultIcon=,disabledIcon=,disabledSelectedIcon=,margin=javax.swing.plaf.InsetsUIResource[top=2,left=14,bottom=2,right=14],paintBorder=true,paintFocus=true,pressedIcon=,rolloverEnabled=true,rolloverIcon=,rolloverSelectedIcon=,selectedIcon=,text=,defaultCapable=true]
20170130 19:27:40.400 - INFO - +---- END KW: SwingLibrary.Click On Component (29)
20170130 19:27:40.417 - INFO - +--- END KW: Mark Location (89)
~~~~~~~~~~~~~~~~~~~~~~~~~~~~~~~~~~~~~~~~~~~~~~~~~~~~~~~~~~~~~~~~~~~~~~~~~~~~~~
20170130 19:27:40.419 - INFO - +--- START KW: Check Location [ 0 | 1 | O ]
20170130 19:27:40.431 - INFO - +---- START KW: BuiltIn.Catenate [ SEPARATOR= | Location | ${row} | ${col} ]
20170130 19:27:40.439 - INFO - ${component} = Location01
20170130 19:27:40.441 - INFO - +---- END KW: BuiltIn.Catenate (9)
20170130 19:27:40.443 - INFO - +---- START KW: SwingLibrary.Get Button Text [ ${component} ]
20170130 19:27:40.447 - DEBUG - Jemmy: Waiting for "Location01" subcomponent
20170130 19:27:40.447 - DEBUG - Jemmy: Start to wait action "Wait for "Location01" subcomponent to be displayed"
20170130 19:27:40.452 - DEBUG - Jemmy: "Wait for "Location01" subcomponent to be displayed" action has been produced in 4 milliseconds with result 
    : javax.swing.JButton[Location01,95,0,94x65,alignmentX=0.0,alignmentY=0.5,border=javax.swing.plaf.BorderUIResource$CompoundBorderUIResource@744b4e1b,flags=296,maximumSize=,minimumSize=,preferredSize=,defaultIcon=,disabledIcon=,disabledSelectedIcon=,margin=javax.swing.plaf.InsetsUIResource[top=2,left=14,bottom=2,right=14],paintBorder=true,paintFocus=true,pressedIcon=,rolloverEnabled=true,rolloverIcon=,rolloverSelectedIcon=,selectedIcon=,text=O,defaultCapable=true]
20170130 19:27:40.514 - INFO - ${buttonText} = O
20170130 19:27:40.517 - INFO - +---- END KW: SwingLibrary.Get Button Text (74)
20170130 19:27:40.528 - INFO - +---- START KW: BuiltIn.Should Be Equal [ ${buttonText} | ${mark} ]
20170130 19:27:40.547 - INFO - +---- END KW: BuiltIn.Should Be Equal (10)
20170130 19:27:40.550 - INFO - +--- END KW: Check Location (131)
~~~~~~~~~~~~~~~~~~~~~~~~~~~~~~~~~~~~~~~~~~~~~~~~~~~~~~~~~~~~~~~~~~~~~~~~~~~~~~
20170130 19:27:40.551 - INFO - +--- START KW: Mark Location [ 0 | 0 ]
20170130 19:27:40.556 - INFO - +---- START KW: BuiltIn.Catenate [ SEPARATOR= | Location | ${row} | ${col} ]
20170130 19:27:40.562 - INFO - ${component} = Location00
20170130 19:27:40.564 - INFO - +---- END KW: BuiltIn.Catenate (8)
20170130 19:27:40.566 - INFO - +---- START KW: SwingLibrary.Click On Component [ ${component} ]
20170130 19:27:40.569 - DEBUG - Jemmy: Waiting for "Location00" subcomponent
20170130 19:27:40.570 - DEBUG - Jemmy: Start to wait action "Wait for "Location00" subcomponent to be displayed"
20170130 19:27:40.572 - DEBUG - Jemmy: "Wait for "Location00" subcomponent to be displayed" action has been produced in 1 milliseconds with result 
    : javax.swing.JButton[Location00,1,0,94x65,alignmentX=0.0,alignmentY=0.5,border=javax.swing.plaf.BorderUIResource$CompoundBorderUIResource@744b4e1b,flags=296,maximumSize=,minimumSize=,preferredSize=,defaultIcon=,disabledIcon=,disabledSelectedIcon=,margin=javax.swing.plaf.InsetsUIResource[top=2,left=14,bottom=2,right=14],paintBorder=true,paintFocus=true,pressedIcon=,rolloverEnabled=true,rolloverIcon=,rolloverSelectedIcon=,selectedIcon=,text=,defaultCapable=true]
20170130 19:27:40.616 - INFO - +---- END KW: SwingLibrary.Click On Component (50)
20170130 19:27:40.619 - INFO - +--- END KW: Mark Location (67)
~~~~~~~~~~~~~~~~~~~~~~~~~~~~~~~~~~~~~~~~~~~~~~~~~~~~~~~~~~~~~~~~~~~~~~~~~~~~~~
20170130 19:27:40.622 - INFO - +--- START KW: Check Location [ 0 | 0 | X ]
20170130 19:27:40.641 - INFO - +---- START KW: BuiltIn.Catenate [ SEPARATOR= | Location | ${row} | ${col} ]
20170130 19:27:40.649 - INFO - ${component} = Location00
20170130 19:27:40.651 - INFO - +---- END KW: BuiltIn.Catenate (15)
20170130 19:27:40.653 - INFO - +---- START KW: SwingLibrary.Get Button Text [ ${component} ]
20170130 19:27:40.662 - DEBUG - Jemmy: Waiting for "Location00" subcomponent
20170130 19:27:40.662 - DEBUG - Jemmy: Start to wait action "Wait for "Location00" subcomponent to be displayed"
20170130 19:27:40.664 - DEBUG - Jemmy: "Wait for "Location00" subcomponent to be displayed" action has been produced in 1 milliseconds with result 
    : javax.swing.JButton[Location00,1,0,94x65,alignmentX=0.0,alignmentY=0.5,border=javax.swing.plaf.BorderUIResource$CompoundBorderUIResource@744b4e1b,flags=296,maximumSize=,minimumSize=,preferredSize=,defaultIcon=,disabledIcon=,disabledSelectedIcon=,margin=javax.swing.plaf.InsetsUIResource[top=2,left=14,bottom=2,right=14],paintBorder=true,paintFocus=true,pressedIcon=,rolloverEnabled=true,rolloverIcon=,rolloverSelectedIcon=,selectedIcon=,text=X,defaultCapable=true]
20170130 19:27:40.671 - INFO - ${buttonText} = X
20170130 19:27:40.673 - INFO - +---- END KW: SwingLibrary.Get Button Text (20)
20170130 19:27:40.675 - INFO - +---- START KW: BuiltIn.Should Be Equal [ ${buttonText} | ${mark} ]
20170130 19:27:40.686 - INFO - +---- END KW: BuiltIn.Should Be Equal (10)
20170130 19:27:40.690 - INFO - +--- END KW: Check Location (67)
~~~~~~~~~~~~~~~~~~~~~~~~~~~~~~~~~~~~~~~~~~~~~~~~~~~~~~~~~~~~~~~~~~~~~~~~~~~~~~
20170130 19:27:40.693 - INFO - +--- START KW: Mark Location [ 0 | 2 ]
20170130 19:27:40.705 - INFO - +---- START KW: BuiltIn.Catenate [ SEPARATOR= | Location | ${row} | ${col} ]
20170130 19:27:40.713 - INFO - ${component} = Location02
20170130 19:27:40.715 - INFO - +---- END KW: BuiltIn.Catenate (9)
20170130 19:27:40.716 - INFO - +---- START KW: SwingLibrary.Click On Component [ ${component} ]
20170130 19:27:40.721 - DEBUG - Jemmy: Waiting for "Location02" subcomponent
20170130 19:27:40.721 - DEBUG - Jemmy: Start to wait action "Wait for "Location02" subcomponent to be displayed"
20170130 19:27:40.723 - DEBUG - Jemmy: "Wait for "Location02" subcomponent to be displayed" action has been produced in 2 milliseconds with result 
    : javax.swing.JButton[Location02,189,0,94x65,alignmentX=0.0,alignmentY=0.5,border=javax.swing.plaf.BorderUIResource$CompoundBorderUIResource@744b4e1b,flags=296,maximumSize=,minimumSize=,preferredSize=,defaultIcon=,disabledIcon=,disabledSelectedIcon=,margin=javax.swing.plaf.InsetsUIResource[top=2,left=14,bottom=2,right=14],paintBorder=true,paintFocus=true,pressedIcon=,rolloverEnabled=true,rolloverIcon=,rolloverSelectedIcon=,selectedIcon=,text=,defaultCapable=true]
20170130 19:27:40.762 - INFO - +---- END KW: SwingLibrary.Click On Component (44)
20170130 19:27:40.764 - INFO - +--- END KW: Mark Location (71)
~~~~~~~~~~~~~~~~~~~~~~~~~~~~~~~~~~~~~~~~~~~~~~~~~~~~~~~~~~~~~~~~~~~~~~~~~~~~~~
20170130 19:27:40.767 - INFO - +--- START KW: Check Location [ 0 | 2 | O ]
20170130 19:27:40.776 - INFO - +---- START KW: BuiltIn.Catenate [ SEPARATOR= | Location | ${row} | ${col} ]
20170130 19:27:40.789 - INFO - ${component} = Location02
20170130 19:27:40.791 - INFO - +---- END KW: BuiltIn.Catenate (15)
20170130 19:27:40.797 - INFO - +---- START KW: SwingLibrary.Get Button Text [ ${component} ]
20170130 19:27:40.802 - DEBUG - Jemmy: Waiting for "Location02" subcomponent
20170130 19:27:40.802 - DEBUG - Jemmy: Start to wait action "Wait for "Location02" subcomponent to be displayed"
20170130 19:27:40.816 - DEBUG - Jemmy: "Wait for "Location02" subcomponent to be displayed" action has been produced in 13 milliseconds with result 
    : javax.swing.JButton[Location02,189,0,94x65,alignmentX=0.0,alignmentY=0.5,border=javax.swing.plaf.BorderUIResource$CompoundBorderUIResource@744b4e1b,flags=296,maximumSize=,minimumSize=,preferredSize=,defaultIcon=,disabledIcon=,disabledSelectedIcon=,margin=javax.swing.plaf.InsetsUIResource[top=2,left=14,bottom=2,right=14],paintBorder=true,paintFocus=true,pressedIcon=,rolloverEnabled=true,rolloverIcon=,rolloverSelectedIcon=,selectedIcon=,text=O,defaultCapable=true]
20170130 19:27:40.824 - INFO - ${buttonText} = O
20170130 19:27:40.827 - INFO - +---- END KW: SwingLibrary.Get Button Text (29)
20170130 19:27:40.829 - INFO - +---- START KW: BuiltIn.Should Be Equal [ ${buttonText} | ${mark} ]
20170130 19:27:40.850 - INFO - +---- END KW: BuiltIn.Should Be Equal (18)
20170130 19:27:40.854 - INFO - +--- END KW: Check Location (87)
~~~~~~~~~~~~~~~~~~~~~~~~~~~~~~~~~~~~~~~~~~~~~~~~~~~~~~~~~~~~~~~~~~~~~~~~~~~~~~
20170130 19:27:40.858 - INFO - +--- START KW: Mark Location [ 2 | 2 ]
20170130 19:27:40.863 - INFO - +---- START KW: BuiltIn.Catenate [ SEPARATOR= | Location | ${row} | ${col} ]
20170130 19:27:40.873 - INFO - ${component} = Location22
20170130 19:27:40.875 - INFO - +---- END KW: BuiltIn.Catenate (13)
20170130 19:27:40.877 - INFO - +---- START KW: SwingLibrary.Click On Component [ ${component} ]
20170130 19:27:40.885 - DEBUG - Jemmy: Waiting for "Location22" subcomponent
20170130 19:27:40.885 - DEBUG - Jemmy: Start to wait action "Wait for "Location22" subcomponent to be displayed"
20170130 19:27:40.887 - DEBUG - Jemmy: "Wait for "Location22" subcomponent to be displayed" action has been produced in 2 milliseconds with result 
    : javax.swing.JButton[Location22,189,130,94x65,alignmentX=0.0,alignmentY=0.5,border=javax.swing.plaf.BorderUIResource$CompoundBorderUIResource@744b4e1b,flags=296,maximumSize=,minimumSize=,preferredSize=,defaultIcon=,disabledIcon=,disabledSelectedIcon=,margin=javax.swing.plaf.InsetsUIResource[top=2,left=14,bottom=2,right=14],paintBorder=true,paintFocus=true,pressedIcon=,rolloverEnabled=true,rolloverIcon=,rolloverSelectedIcon=,selectedIcon=,text=,defaultCapable=true]
20170130 19:27:40.913 - INFO - +---- END KW: SwingLibrary.Click On Component (36)
20170130 19:27:40.916 - INFO - +--- END KW: Mark Location (58)
~~~~~~~~~~~~~~~~~~~~~~~~~~~~~~~~~~~~~~~~~~~~~~~~~~~~~~~~~~~~~~~~~~~~~~~~~~~~~~
20170130 19:27:40.917 - INFO - +--- START KW: Check Location [ 2 | 2 | X ]
20170130 19:27:40.928 - INFO - +---- START KW: BuiltIn.Catenate [ SEPARATOR= | Location | ${row} | ${col} ]
20170130 19:27:40.935 - INFO - ${component} = Location22
20170130 19:27:40.940 - INFO - +---- END KW: BuiltIn.Catenate (11)
20170130 19:27:40.942 - INFO - +---- START KW: SwingLibrary.Get Button Text [ ${component} ]
20170130 19:27:40.951 - DEBUG - Jemmy: Waiting for "Location22" subcomponent
20170130 19:27:40.951 - DEBUG - Jemmy: Start to wait action "Wait for "Location22" subcomponent to be displayed"
20170130 19:27:40.959 - DEBUG - Jemmy: "Wait for "Location22" subcomponent to be displayed" action has been produced in 7 milliseconds with result 
    : javax.swing.JButton[Location22,189,130,94x65,alignmentX=0.0,alignmentY=0.5,border=javax.swing.plaf.BorderUIResource$CompoundBorderUIResource@744b4e1b,flags=296,maximumSize=,minimumSize=,preferredSize=,defaultIcon=,disabledIcon=,disabledSelectedIcon=,margin=javax.swing.plaf.InsetsUIResource[top=2,left=14,bottom=2,right=14],paintBorder=true,paintFocus=true,pressedIcon=,rolloverEnabled=true,rolloverIcon=,rolloverSelectedIcon=,selectedIcon=,text=X,defaultCapable=true]
20170130 19:27:40.970 - INFO - ${buttonText} = X
20170130 19:27:40.973 - INFO - +---- END KW: SwingLibrary.Get Button Text (30)
20170130 19:27:40.975 - INFO - +---- START KW: BuiltIn.Should Be Equal [ ${buttonText} | ${mark} ]
20170130 19:27:40.991 - INFO - +---- END KW: BuiltIn.Should Be Equal (15)
20170130 19:27:40.994 - INFO - +--- END KW: Check Location (75)
~~~~~~~~~~~~~~~~~~~~~~~~~~~~~~~~~~~~~~~~~~~~~~~~~~~~~~~~~~~~~~~~~~~~~~~~~~~~~~
20170130 19:27:40.997 - INFO - +--- START KW: Winner Should Be [ X ]
20170130 19:27:41.003 - INFO - +---- START KW: SwingLibrary.Get Label Content [ ResultLabel ]
20170130 19:27:41.038 - DEBUG - Jemmy: Waiting for "ResultLabel" subcomponent
20170130 19:27:41.038 - DEBUG - Jemmy: Start to wait action "Wait for "ResultLabel" subcomponent to be displayed"
20170130 19:27:41.041 - DEBUG - Jemmy: "Wait for "ResultLabel" subcomponent to be displayed" action has been produced in 1 milliseconds with result 
    : javax.swing.JLabel[ResultLabel,1,195,94x65,alignmentX=0.0,alignmentY=0.0,border=,flags=8388608,maximumSize=,minimumSize=,preferredSize=,defaultIcon=,disabledIcon=,horizontalAlignment=LEADING,horizontalTextPosition=TRAILING,iconTextGap=4,labelFor=,text=PLAYER: O,verticalAlignment=CENTER,verticalTextPosition=CENTER]
20170130 19:27:41.050 - INFO - ${text} = PLAYER: O
20170130 19:27:41.055 - INFO - +---- END KW: SwingLibrary.Get Label Content (48)
20170130 19:27:41.056 - INFO - +---- START KW: BuiltIn.Should Be Equal [ ${text} | ${winner} ]
20170130 19:27:41.069 - FAIL - PLAYER: O != X
20170130 19:27:41.071 - DEBUG - Traceback (most recent call last):
  None
20170130 19:27:41.073 - INFO - +---- END KW: BuiltIn.Should Be Equal (16)
20170130 19:27:41.078 - INFO - +--- END KW: Winner Should Be (80)
------------------------------------------------------------------------------
20170130 19:27:41.097 - INFO - +-- END TEST: Win Diagonally as X (3714)
------------------------------------------------------------------------------
20170130 19:27:41.102 - INFO - +-- START TEST: Win Horizontally as O [ ]
------------------------------------------------------------------------------
20170130 19:27:41.117 - INFO - +--- START KW: Start New Game [ ]
20170130 19:27:41.121 - INFO - +---- START KW: SwingLibrary.Start Application [ edu.jsu.mcis.TicTacToe ]
20170130 19:27:41.157 - INFO - You suck
Location00
Location01
Location02
Location10
Location11
Location12
Location20
Location21
Location22
You suck
Location00
Location01
Location02
Location10
Location11
Location12
Location20
Location21
Location22
20170130 19:27:41.160 - INFO - +---- END KW: SwingLibrary.Start Application (39)
20170130 19:27:41.162 - INFO - +---- START KW: SwingLibrary.Select Window [ Tic Tac Toe ]
20170130 19:27:41.165 - DEBUG - Jemmy: Start to wait frame "Frame with name or title 'Tic Tac Toe'" opened
20170130 19:27:41.182 - DEBUG - Jemmy: Frame "Frame with name or title 'Tic Tac Toe'" has been opened in 1 milliseconds
    javax.swing.JFrame[frame0,300,200,300x300,invalid,layout=java.awt.BorderLayout,title=Tic Tac Toe,resizable,normal,defaultCloseOperation=EXIT_ON_CLOSE,rootPane=javax.swing.JRootPane[,8,31,284x261,layout=javax.swing.JRootPane$RootLayout,alignmentX=0.0,alignmentY=0.0,border=,flags=16777673,maximumSize=,minimumSize=,preferredSize=],rootPaneCheckingEnabled=true]
20170130 19:27:41.232 - INFO - +---- END KW: SwingLibrary.Select Window (67)
20170130 19:27:41.234 - INFO - +--- END KW: Start New Game (117)
~~~~~~~~~~~~~~~~~~~~~~~~~~~~~~~~~~~~~~~~~~~~~~~~~~~~~~~~~~~~~~~~~~~~~~~~~~~~~~
20170130 19:27:41.240 - INFO - +--- START KW: Mark Location [ 1 | 1 ]
20170130 19:27:41.247 - INFO - +---- START KW: BuiltIn.Catenate [ SEPARATOR= | Location | ${row} | ${col} ]
20170130 19:27:41.270 - INFO - ${component} = Location11
20170130 19:27:41.273 - INFO - +---- END KW: BuiltIn.Catenate (27)
20170130 19:27:41.275 - INFO - +---- START KW: SwingLibrary.Click On Component [ ${component} ]
20170130 19:27:41.279 - DEBUG - Jemmy: Waiting for "Location11" subcomponent
20170130 19:27:41.279 - DEBUG - Jemmy: Start to wait action "Wait for "Location11" subcomponent to be displayed"
20170130 19:27:41.282 - DEBUG - Jemmy: "Wait for "Location11" subcomponent to be displayed" action has been produced in 1 milliseconds with result 
    : javax.swing.JButton[Location11,95,65,94x65,alignmentX=0.0,alignmentY=0.5,border=javax.swing.plaf.BorderUIResource$CompoundBorderUIResource@744b4e1b,flags=296,maximumSize=,minimumSize=,preferredSize=,defaultIcon=,disabledIcon=,disabledSelectedIcon=,margin=javax.swing.plaf.InsetsUIResource[top=2,left=14,bottom=2,right=14],paintBorder=true,paintFocus=true,pressedIcon=,rolloverEnabled=true,rolloverIcon=,rolloverSelectedIcon=,selectedIcon=,text=X,defaultCapable=true]
20170130 19:27:41.320 - INFO - +---- END KW: SwingLibrary.Click On Component (44)
20170130 19:27:41.324 - INFO - +--- END KW: Mark Location (88)
~~~~~~~~~~~~~~~~~~~~~~~~~~~~~~~~~~~~~~~~~~~~~~~~~~~~~~~~~~~~~~~~~~~~~~~~~~~~~~
20170130 19:27:41.326 - INFO - +--- START KW: Check Location [ 1 | 1 | X ]
20170130 19:27:41.341 - INFO - +---- START KW: BuiltIn.Catenate [ SEPARATOR= | Location | ${row} | ${col} ]
20170130 19:27:41.359 - INFO - ${component} = Location11
20170130 19:27:41.368 - INFO - +---- END KW: BuiltIn.Catenate (20)
20170130 19:27:41.370 - INFO - +---- START KW: SwingLibrary.Get Button Text [ ${component} ]
20170130 19:27:41.375 - DEBUG - Jemmy: Waiting for "Location11" subcomponent
20170130 19:27:41.375 - DEBUG - Jemmy: Start to wait action "Wait for "Location11" subcomponent to be displayed"
20170130 19:27:41.385 - DEBUG - Jemmy: "Wait for "Location11" subcomponent to be displayed" action has been produced in 9 milliseconds with result 
    : javax.swing.JButton[Location11,95,65,94x65,alignmentX=0.0,alignmentY=0.5,border=javax.swing.plaf.BorderUIResource$CompoundBorderUIResource@744b4e1b,flags=296,maximumSize=,minimumSize=,preferredSize=,defaultIcon=,disabledIcon=,disabledSelectedIcon=,margin=javax.swing.plaf.InsetsUIResource[top=2,left=14,bottom=2,right=14],paintBorder=true,paintFocus=true,pressedIcon=,rolloverEnabled=true,rolloverIcon=,rolloverSelectedIcon=,selectedIcon=,text=O,defaultCapable=true]
20170130 19:27:41.397 - INFO - ${buttonText} = O
20170130 19:27:41.399 - INFO - +---- END KW: SwingLibrary.Get Button Text (28)
20170130 19:27:41.400 - INFO - +---- START KW: BuiltIn.Should Be Equal [ ${buttonText} | ${mark} ]
20170130 19:27:41.409 - FAIL - O != X
20170130 19:27:41.410 - DEBUG - Traceback (most recent call last):
  None
20170130 19:27:41.412 - INFO - +---- END KW: BuiltIn.Should Be Equal (11)
20170130 19:27:41.416 - INFO - +--- END KW: Check Location (90)
------------------------------------------------------------------------------
20170130 19:27:41.423 - INFO - +-- END TEST: Win Horizontally as O (318)
------------------------------------------------------------------------------
20170130 19:27:41.426 - INFO - +-- START TEST: Force a Tie [ ]
------------------------------------------------------------------------------
20170130 19:27:41.431 - INFO - +--- START KW: Start New Game [ ]
20170130 19:27:41.443 - INFO - +---- START KW: SwingLibrary.Start Application [ edu.jsu.mcis.TicTacToe ]
20170130 19:27:41.499 - INFO - You suck
Location00
Location01
Location02
Location10
Location11
Location12
Location20
Location21
Location22
You suck
Location00
Location01
Location02
Location10
Location11
Location12
Location20
Location21
Location22
20170130 19:27:41.503 - INFO - +---- END KW: SwingLibrary.Start Application (58)
20170130 19:27:41.507 - INFO - +---- START KW: SwingLibrary.Select Window [ Tic Tac Toe ]
20170130 19:27:41.514 - DEBUG - Jemmy: Start to wait frame "Frame with name or title 'Tic Tac Toe'" opened
20170130 19:27:41.528 - DEBUG - Jemmy: Frame "Frame with name or title 'Tic Tac Toe'" has been opened in 0 milliseconds
    javax.swing.JFrame[frame0,300,200,300x300,invalid,layout=java.awt.BorderLayout,title=Tic Tac Toe,resizable,normal,defaultCloseOperation=EXIT_ON_CLOSE,rootPane=javax.swing.JRootPane[,8,31,284x261,layout=javax.swing.JRootPane$RootLayout,alignmentX=0.0,alignmentY=0.0,border=,flags=16777673,maximumSize=,minimumSize=,preferredSize=],rootPaneCheckingEnabled=true]
20170130 19:27:41.567 - INFO - +---- END KW: SwingLibrary.Select Window (59)
20170130 19:27:41.570 - INFO - +--- END KW: Start New Game (138)
~~~~~~~~~~~~~~~~~~~~~~~~~~~~~~~~~~~~~~~~~~~~~~~~~~~~~~~~~~~~~~~~~~~~~~~~~~~~~~
20170130 19:27:41.573 - INFO - +--- START KW: Mark Location [ 1 | 1 ]
20170130 19:27:41.580 - INFO - +---- START KW: BuiltIn.Catenate [ SEPARATOR= | Location | ${row} | ${col} ]
20170130 19:27:41.591 - INFO - ${component} = Location11
20170130 19:27:41.593 - INFO - +---- END KW: BuiltIn.Catenate (12)
20170130 19:27:41.594 - INFO - +---- START KW: SwingLibrary.Click On Component [ ${component} ]
20170130 19:27:41.597 - DEBUG - Jemmy: Waiting for "Location11" subcomponent
20170130 19:27:41.597 - DEBUG - Jemmy: Start to wait action "Wait for "Location11" subcomponent to be displayed"
20170130 19:27:41.607 - DEBUG - Jemmy: "Wait for "Location11" subcomponent to be displayed" action has been produced in 9 milliseconds with result 
    : javax.swing.JButton[Location11,95,65,94x65,alignmentX=0.0,alignmentY=0.5,border=javax.swing.plaf.BorderUIResource$CompoundBorderUIResource@744b4e1b,flags=296,maximumSize=,minimumSize=,preferredSize=,defaultIcon=,disabledIcon=,disabledSelectedIcon=,margin=javax.swing.plaf.InsetsUIResource[top=2,left=14,bottom=2,right=14],paintBorder=true,paintFocus=true,pressedIcon=,rolloverEnabled=true,rolloverIcon=,rolloverSelectedIcon=,selectedIcon=,text=O,defaultCapable=true]
20170130 19:27:41.661 - INFO - +---- END KW: SwingLibrary.Click On Component (66)
20170130 19:27:41.666 - INFO - +--- END KW: Mark Location (91)
~~~~~~~~~~~~~~~~~~~~~~~~~~~~~~~~~~~~~~~~~~~~~~~~~~~~~~~~~~~~~~~~~~~~~~~~~~~~~~
20170130 19:27:41.667 - INFO - +--- START KW: Check Location [ 1 | 1 | X ]
20170130 19:27:41.677 - INFO - +---- START KW: BuiltIn.Catenate [ SEPARATOR= | Location | ${row} | ${col} ]
20170130 19:27:41.690 - INFO - ${component} = Location11
20170130 19:27:41.694 - INFO - +---- END KW: BuiltIn.Catenate (16)
20170130 19:27:41.700 - INFO - +---- START KW: SwingLibrary.Get Button Text [ ${component} ]
20170130 19:27:41.709 - DEBUG - Jemmy: Waiting for "Location11" subcomponent
20170130 19:27:41.709 - DEBUG - Jemmy: Start to wait action "Wait for "Location11" subcomponent to be displayed"
20170130 19:27:41.713 - DEBUG - Jemmy: "Wait for "Location11" subcomponent to be displayed" action has been produced in 3 milliseconds with result 
    : javax.swing.JButton[Location11,95,65,94x65,alignmentX=0.0,alignmentY=0.5,border=javax.swing.plaf.BorderUIResource$CompoundBorderUIResource@744b4e1b,flags=296,maximumSize=,minimumSize=,preferredSize=,defaultIcon=,disabledIcon=,disabledSelectedIcon=,margin=javax.swing.plaf.InsetsUIResource[top=2,left=14,bottom=2,right=14],paintBorder=true,paintFocus=true,pressedIcon=,rolloverEnabled=true,rolloverIcon=,rolloverSelectedIcon=,selectedIcon=,text=X,defaultCapable=true]
20170130 19:27:41.731 - INFO - ${buttonText} = X
20170130 19:27:41.733 - INFO - +---- END KW: SwingLibrary.Get Button Text (32)
20170130 19:27:41.735 - INFO - +---- START KW: BuiltIn.Should Be Equal [ ${buttonText} | ${mark} ]
20170130 19:27:41.750 - INFO - +---- END KW: BuiltIn.Should Be Equal (14)
20170130 19:27:41.752 - INFO - +--- END KW: Check Location (84)
~~~~~~~~~~~~~~~~~~~~~~~~~~~~~~~~~~~~~~~~~~~~~~~~~~~~~~~~~~~~~~~~~~~~~~~~~~~~~~
20170130 19:27:41.755 - INFO - +--- START KW: Mark Location [ 0 | 0 ]
20170130 19:27:41.760 - INFO - +---- START KW: BuiltIn.Catenate [ SEPARATOR= | Location | ${row} | ${col} ]
20170130 19:27:41.767 - INFO - ${component} = Location00
20170130 19:27:41.769 - INFO - +---- END KW: BuiltIn.Catenate (8)
20170130 19:27:41.770 - INFO - +---- START KW: SwingLibrary.Click On Component [ ${component} ]
20170130 19:27:41.775 - DEBUG - Jemmy: Waiting for "Location00" subcomponent
20170130 19:27:41.775 - DEBUG - Jemmy: Start to wait action "Wait for "Location00" subcomponent to be displayed"
20170130 19:27:41.776 - DEBUG - Jemmy: "Wait for "Location00" subcomponent to be displayed" action has been produced in 0 milliseconds with result 
    : javax.swing.JButton[Location00,1,0,94x65,alignmentX=0.0,alignmentY=0.5,border=javax.swing.plaf.BorderUIResource$CompoundBorderUIResource@744b4e1b,flags=296,maximumSize=,minimumSize=,preferredSize=,defaultIcon=,disabledIcon=,disabledSelectedIcon=,margin=javax.swing.plaf.InsetsUIResource[top=2,left=14,bottom=2,right=14],paintBorder=true,paintFocus=true,pressedIcon=,rolloverEnabled=true,rolloverIcon=,rolloverSelectedIcon=,selectedIcon=,text=X,defaultCapable=true]
20170130 19:27:41.811 - INFO - +---- END KW: SwingLibrary.Click On Component (40)
20170130 19:27:41.814 - INFO - +--- END KW: Mark Location (59)
~~~~~~~~~~~~~~~~~~~~~~~~~~~~~~~~~~~~~~~~~~~~~~~~~~~~~~~~~~~~~~~~~~~~~~~~~~~~~~
20170130 19:27:41.815 - INFO - +--- START KW: Check Location [ 0 | 0 | O ]
20170130 19:27:41.826 - INFO - +---- START KW: BuiltIn.Catenate [ SEPARATOR= | Location | ${row} | ${col} ]
20170130 19:27:41.841 - INFO - ${component} = Location00
20170130 19:27:41.843 - INFO - +---- END KW: BuiltIn.Catenate (17)
20170130 19:27:41.849 - INFO - +---- START KW: SwingLibrary.Get Button Text [ ${component} ]
20170130 19:27:41.855 - DEBUG - Jemmy: Waiting for "Location00" subcomponent
20170130 19:27:41.855 - DEBUG - Jemmy: Start to wait action "Wait for "Location00" subcomponent to be displayed"
20170130 19:27:41.865 - DEBUG - Jemmy: "Wait for "Location00" subcomponent to be displayed" action has been produced in 9 milliseconds with result 
    : javax.swing.JButton[Location00,1,0,94x65,alignmentX=0.0,alignmentY=0.5,border=javax.swing.plaf.BorderUIResource$CompoundBorderUIResource@744b4e1b,flags=296,maximumSize=,minimumSize=,preferredSize=,defaultIcon=,disabledIcon=,disabledSelectedIcon=,margin=javax.swing.plaf.InsetsUIResource[top=2,left=14,bottom=2,right=14],paintBorder=true,paintFocus=true,pressedIcon=,rolloverEnabled=true,rolloverIcon=,rolloverSelectedIcon=,selectedIcon=,text=O,defaultCapable=true]
20170130 19:27:41.895 - INFO - ${buttonText} = O
20170130 19:27:41.897 - INFO - +---- END KW: SwingLibrary.Get Button Text (47)
20170130 19:27:41.905 - INFO - +---- START KW: BuiltIn.Should Be Equal [ ${buttonText} | ${mark} ]
20170130 19:27:41.933 - INFO - +---- END KW: BuiltIn.Should Be Equal (29)
20170130 19:27:41.939 - INFO - +--- END KW: Check Location (119)
~~~~~~~~~~~~~~~~~~~~~~~~~~~~~~~~~~~~~~~~~~~~~~~~~~~~~~~~~~~~~~~~~~~~~~~~~~~~~~
20170130 19:27:41.943 - INFO - +--- START KW: Mark Location [ 2 | 0 ]
20170130 19:27:41.951 - INFO - +---- START KW: BuiltIn.Catenate [ SEPARATOR= | Location | ${row} | ${col} ]
20170130 19:27:41.962 - INFO - ${component} = Location20
20170130 19:27:41.965 - INFO - +---- END KW: BuiltIn.Catenate (13)
20170130 19:27:41.968 - INFO - +---- START KW: SwingLibrary.Click On Component [ ${component} ]
20170130 19:27:41.984 - DEBUG - Jemmy: Waiting for "Location20" subcomponent
20170130 19:27:41.984 - DEBUG - Jemmy: Start to wait action "Wait for "Location20" subcomponent to be displayed"
20170130 19:27:41.986 - DEBUG - Jemmy: "Wait for "Location20" subcomponent to be displayed" action has been produced in 2 milliseconds with result 
    : javax.swing.JButton[Location20,1,130,94x65,alignmentX=0.0,alignmentY=0.5,border=javax.swing.plaf.BorderUIResource$CompoundBorderUIResource@744b4e1b,flags=296,maximumSize=,minimumSize=,preferredSize=,defaultIcon=,disabledIcon=,disabledSelectedIcon=,margin=javax.swing.plaf.InsetsUIResource[top=2,left=14,bottom=2,right=14],paintBorder=true,paintFocus=true,pressedIcon=,rolloverEnabled=true,rolloverIcon=,rolloverSelectedIcon=,selectedIcon=,text=,defaultCapable=true]
20170130 19:27:42.012 - INFO - +---- END KW: SwingLibrary.Click On Component (42)
20170130 19:27:42.017 - INFO - +--- END KW: Mark Location (74)
~~~~~~~~~~~~~~~~~~~~~~~~~~~~~~~~~~~~~~~~~~~~~~~~~~~~~~~~~~~~~~~~~~~~~~~~~~~~~~
20170130 19:27:42.019 - INFO - +--- START KW: Check Location [ 2 | 0 | X ]
20170130 19:27:42.028 - INFO - +---- START KW: BuiltIn.Catenate [ SEPARATOR= | Location | ${row} | ${col} ]
20170130 19:27:42.041 - INFO - ${component} = Location20
20170130 19:27:42.044 - INFO - +---- END KW: BuiltIn.Catenate (16)
20170130 19:27:42.047 - INFO - +---- START KW: SwingLibrary.Get Button Text [ ${component} ]
20170130 19:27:42.052 - DEBUG - Jemmy: Waiting for "Location20" subcomponent
20170130 19:27:42.052 - DEBUG - Jemmy: Start to wait action "Wait for "Location20" subcomponent to be displayed"
20170130 19:27:42.064 - DEBUG - Jemmy: "Wait for "Location20" subcomponent to be displayed" action has been produced in 8 milliseconds with result 
    : javax.swing.JButton[Location20,1,130,94x65,alignmentX=0.0,alignmentY=0.5,border=javax.swing.plaf.BorderUIResource$CompoundBorderUIResource@744b4e1b,flags=296,maximumSize=,minimumSize=,preferredSize=,defaultIcon=,disabledIcon=,disabledSelectedIcon=,margin=javax.swing.plaf.InsetsUIResource[top=2,left=14,bottom=2,right=14],paintBorder=true,paintFocus=true,pressedIcon=,rolloverEnabled=true,rolloverIcon=,rolloverSelectedIcon=,selectedIcon=,text=X,defaultCapable=true]
20170130 19:27:42.088 - INFO - ${buttonText} = X
20170130 19:27:42.093 - INFO - +---- END KW: SwingLibrary.Get Button Text (45)
20170130 19:27:42.095 - INFO - +---- START KW: BuiltIn.Should Be Equal [ ${buttonText} | ${mark} ]
20170130 19:27:42.110 - INFO - +---- END KW: BuiltIn.Should Be Equal (15)
20170130 19:27:42.113 - INFO - +--- END KW: Check Location (94)
~~~~~~~~~~~~~~~~~~~~~~~~~~~~~~~~~~~~~~~~~~~~~~~~~~~~~~~~~~~~~~~~~~~~~~~~~~~~~~
20170130 19:27:42.115 - INFO - +--- START KW: Mark Location [ 0 | 2 ]
20170130 19:27:42.123 - INFO - +---- START KW: BuiltIn.Catenate [ SEPARATOR= | Location | ${row} | ${col} ]
20170130 19:27:42.132 - INFO - ${component} = Location02
20170130 19:27:42.139 - INFO - +---- END KW: BuiltIn.Catenate (15)
20170130 19:27:42.141 - INFO - +---- START KW: SwingLibrary.Click On Component [ ${component} ]
20170130 19:27:42.148 - DEBUG - Jemmy: Waiting for "Location02" subcomponent
20170130 19:27:42.148 - DEBUG - Jemmy: Start to wait action "Wait for "Location02" subcomponent to be displayed"
20170130 19:27:42.150 - DEBUG - Jemmy: "Wait for "Location02" subcomponent to be displayed" action has been produced in 2 milliseconds with result 
    : javax.swing.JButton[Location02,189,0,94x65,alignmentX=0.0,alignmentY=0.5,border=javax.swing.plaf.BorderUIResource$CompoundBorderUIResource@744b4e1b,flags=296,maximumSize=,minimumSize=,preferredSize=,defaultIcon=,disabledIcon=,disabledSelectedIcon=,margin=javax.swing.plaf.InsetsUIResource[top=2,left=14,bottom=2,right=14],paintBorder=true,paintFocus=true,pressedIcon=,rolloverEnabled=true,rolloverIcon=,rolloverSelectedIcon=,selectedIcon=,text=O,defaultCapable=true]
20170130 19:27:42.224 - INFO - +---- END KW: SwingLibrary.Click On Component (83)
20170130 19:27:42.226 - INFO - +--- END KW: Mark Location (112)
~~~~~~~~~~~~~~~~~~~~~~~~~~~~~~~~~~~~~~~~~~~~~~~~~~~~~~~~~~~~~~~~~~~~~~~~~~~~~~
20170130 19:27:42.228 - INFO - +--- START KW: Check Location [ 0 | 2 | O ]
20170130 19:27:42.236 - INFO - +---- START KW: BuiltIn.Catenate [ SEPARATOR= | Location | ${row} | ${col} ]
20170130 19:27:42.244 - INFO - ${component} = Location02
20170130 19:27:42.247 - INFO - +---- END KW: BuiltIn.Catenate (11)
20170130 19:27:42.248 - INFO - +---- START KW: SwingLibrary.Get Button Text [ ${component} ]
20170130 19:27:42.253 - DEBUG - Jemmy: Waiting for "Location02" subcomponent
20170130 19:27:42.253 - DEBUG - Jemmy: Start to wait action "Wait for "Location02" subcomponent to be displayed"
20170130 19:27:42.257 - DEBUG - Jemmy: "Wait for "Location02" subcomponent to be displayed" action has been produced in 3 milliseconds with result 
    : javax.swing.JButton[Location02,189,0,94x65,alignmentX=0.0,alignmentY=0.5,border=javax.swing.plaf.BorderUIResource$CompoundBorderUIResource@744b4e1b,flags=296,maximumSize=,minimumSize=,preferredSize=,defaultIcon=,disabledIcon=,disabledSelectedIcon=,margin=javax.swing.plaf.InsetsUIResource[top=2,left=14,bottom=2,right=14],paintBorder=true,paintFocus=true,pressedIcon=,rolloverEnabled=true,rolloverIcon=,rolloverSelectedIcon=,selectedIcon=,text=O,defaultCapable=true]
20170130 19:27:42.272 - INFO - ${buttonText} = O
20170130 19:27:42.274 - INFO - +---- END KW: SwingLibrary.Get Button Text (26)
20170130 19:27:42.276 - INFO - +---- START KW: BuiltIn.Should Be Equal [ ${buttonText} | ${mark} ]
20170130 19:27:42.286 - INFO - +---- END KW: BuiltIn.Should Be Equal (9)
20170130 19:27:42.289 - INFO - +--- END KW: Check Location (60)
~~~~~~~~~~~~~~~~~~~~~~~~~~~~~~~~~~~~~~~~~~~~~~~~~~~~~~~~~~~~~~~~~~~~~~~~~~~~~~
20170130 19:27:42.290 - INFO - +--- START KW: Mark Location [ 0 | 1 ]
20170130 19:27:42.301 - INFO - +---- START KW: BuiltIn.Catenate [ SEPARATOR= | Location | ${row} | ${col} ]
20170130 19:27:42.309 - INFO - ${component} = Location01
20170130 19:27:42.311 - INFO - +---- END KW: BuiltIn.Catenate (11)
20170130 19:27:42.313 - INFO - +---- START KW: SwingLibrary.Click On Component [ ${component} ]
20170130 19:27:42.321 - DEBUG - Jemmy: Waiting for "Location01" subcomponent
20170130 19:27:42.322 - DEBUG - Jemmy: Start to wait action "Wait for "Location01" subcomponent to be displayed"
20170130 19:27:42.322 - DEBUG - Jemmy: "Wait for "Location01" subcomponent to be displayed" action has been produced in 0 milliseconds with result 
    : javax.swing.JButton[Location01,95,0,94x65,alignmentX=0.0,alignmentY=0.5,border=javax.swing.plaf.BorderUIResource$CompoundBorderUIResource@744b4e1b,flags=296,maximumSize=,minimumSize=,preferredSize=,defaultIcon=,disabledIcon=,disabledSelectedIcon=,margin=javax.swing.plaf.InsetsUIResource[top=2,left=14,bottom=2,right=14],paintBorder=true,paintFocus=true,pressedIcon=,rolloverEnabled=true,rolloverIcon=,rolloverSelectedIcon=,selectedIcon=,text=O,defaultCapable=true]
20170130 19:27:42.340 - INFO - +---- END KW: SwingLibrary.Click On Component (24)
20170130 19:27:42.343 - INFO - +--- END KW: Mark Location (52)
~~~~~~~~~~~~~~~~~~~~~~~~~~~~~~~~~~~~~~~~~~~~~~~~~~~~~~~~~~~~~~~~~~~~~~~~~~~~~~
20170130 19:27:42.345 - INFO - +--- START KW: Check Location [ 0 | 1 | X ]
20170130 19:27:42.350 - INFO - +---- START KW: BuiltIn.Catenate [ SEPARATOR= | Location | ${row} | ${col} ]
20170130 19:27:42.361 - INFO - ${component} = Location01
20170130 19:27:42.363 - INFO - +---- END KW: BuiltIn.Catenate (14)
20170130 19:27:42.365 - INFO - +---- START KW: SwingLibrary.Get Button Text [ ${component} ]
20170130 19:27:42.369 - DEBUG - Jemmy: Waiting for "Location01" subcomponent
20170130 19:27:42.369 - DEBUG - Jemmy: Start to wait action "Wait for "Location01" subcomponent to be displayed"
20170130 19:27:42.372 - DEBUG - Jemmy: "Wait for "Location01" subcomponent to be displayed" action has been produced in 3 milliseconds with result 
    : javax.swing.JButton[Location01,95,0,94x65,alignmentX=0.0,alignmentY=0.5,border=javax.swing.plaf.BorderUIResource$CompoundBorderUIResource@744b4e1b,flags=296,maximumSize=,minimumSize=,preferredSize=,defaultIcon=,disabledIcon=,disabledSelectedIcon=,margin=javax.swing.plaf.InsetsUIResource[top=2,left=14,bottom=2,right=14],paintBorder=true,paintFocus=true,pressedIcon=,rolloverEnabled=true,rolloverIcon=,rolloverSelectedIcon=,selectedIcon=,text=X,defaultCapable=true]
20170130 19:27:42.377 - INFO - ${buttonText} = X
20170130 19:27:42.380 - INFO - +---- END KW: SwingLibrary.Get Button Text (14)
20170130 19:27:42.382 - INFO - +---- START KW: BuiltIn.Should Be Equal [ ${buttonText} | ${mark} ]
20170130 19:27:42.394 - INFO - +---- END KW: BuiltIn.Should Be Equal (12)
20170130 19:27:42.396 - INFO - +--- END KW: Check Location (51)
~~~~~~~~~~~~~~~~~~~~~~~~~~~~~~~~~~~~~~~~~~~~~~~~~~~~~~~~~~~~~~~~~~~~~~~~~~~~~~
20170130 19:27:42.399 - INFO - +--- START KW: Mark Location [ 2 | 1 ]
20170130 19:27:42.407 - INFO - +---- START KW: BuiltIn.Catenate [ SEPARATOR= | Location | ${row} | ${col} ]
20170130 19:27:42.415 - INFO - ${component} = Location21
20170130 19:27:42.418 - INFO - +---- END KW: BuiltIn.Catenate (11)
20170130 19:27:42.419 - INFO - +---- START KW: SwingLibrary.Click On Component [ ${component} ]
20170130 19:27:42.423 - DEBUG - Jemmy: Waiting for "Location21" subcomponent
20170130 19:27:42.423 - DEBUG - Jemmy: Start to wait action "Wait for "Location21" subcomponent to be displayed"
20170130 19:27:42.423 - DEBUG - Jemmy: "Wait for "Location21" subcomponent to be displayed" action has been produced in 0 milliseconds with result 
    : javax.swing.JButton[Location21,95,130,94x65,alignmentX=0.0,alignmentY=0.5,border=javax.swing.plaf.BorderUIResource$CompoundBorderUIResource@744b4e1b,flags=296,maximumSize=,minimumSize=,preferredSize=,defaultIcon=,disabledIcon=,disabledSelectedIcon=,margin=javax.swing.plaf.InsetsUIResource[top=2,left=14,bottom=2,right=14],paintBorder=true,paintFocus=true,pressedIcon=,rolloverEnabled=true,rolloverIcon=,rolloverSelectedIcon=,selectedIcon=,text=,defaultCapable=true]
20170130 19:27:42.450 - INFO - +---- END KW: SwingLibrary.Click On Component (30)
20170130 19:27:42.452 - INFO - +--- END KW: Mark Location (55)
~~~~~~~~~~~~~~~~~~~~~~~~~~~~~~~~~~~~~~~~~~~~~~~~~~~~~~~~~~~~~~~~~~~~~~~~~~~~~~
20170130 19:27:42.455 - INFO - +--- START KW: Check Location [ 2 | 1 | O ]
20170130 19:27:42.462 - INFO - +---- START KW: BuiltIn.Catenate [ SEPARATOR= | Location | ${row} | ${col} ]
20170130 19:27:42.473 - INFO - ${component} = Location21
20170130 19:27:42.475 - INFO - +---- END KW: BuiltIn.Catenate (15)
20170130 19:27:42.476 - INFO - +---- START KW: SwingLibrary.Get Button Text [ ${component} ]
20170130 19:27:42.480 - DEBUG - Jemmy: Waiting for "Location21" subcomponent
20170130 19:27:42.480 - DEBUG - Jemmy: Start to wait action "Wait for "Location21" subcomponent to be displayed"
20170130 19:27:42.506 - DEBUG - Jemmy: "Wait for "Location21" subcomponent to be displayed" action has been produced in 26 milliseconds with result 
    : javax.swing.JButton[Location21,95,130,94x65,alignmentX=0.0,alignmentY=0.5,border=javax.swing.plaf.BorderUIResource$CompoundBorderUIResource@744b4e1b,flags=296,maximumSize=,minimumSize=,preferredSize=,defaultIcon=,disabledIcon=,disabledSelectedIcon=,margin=javax.swing.plaf.InsetsUIResource[top=2,left=14,bottom=2,right=14],paintBorder=true,paintFocus=true,pressedIcon=,rolloverEnabled=true,rolloverIcon=,rolloverSelectedIcon=,selectedIcon=,text=O,defaultCapable=true]
20170130 19:27:42.540 - INFO - ${buttonText} = O
20170130 19:27:42.542 - INFO - +---- END KW: SwingLibrary.Get Button Text (66)
20170130 19:27:42.544 - INFO - +---- START KW: BuiltIn.Should Be Equal [ ${buttonText} | ${mark} ]
20170130 19:27:42.551 - INFO - +---- END KW: BuiltIn.Should Be Equal (6)
20170130 19:27:42.552 - INFO - +--- END KW: Check Location (99)
~~~~~~~~~~~~~~~~~~~~~~~~~~~~~~~~~~~~~~~~~~~~~~~~~~~~~~~~~~~~~~~~~~~~~~~~~~~~~~
20170130 19:27:42.558 - INFO - +--- START KW: Mark Location [ 1 | 2 ]
20170130 19:27:42.562 - INFO - +---- START KW: BuiltIn.Catenate [ SEPARATOR= | Location | ${row} | ${col} ]
20170130 19:27:42.573 - INFO - ${component} = Location12
20170130 19:27:42.578 - INFO - +---- END KW: BuiltIn.Catenate (14)
20170130 19:27:42.579 - INFO - +---- START KW: SwingLibrary.Click On Component [ ${component} ]
20170130 19:27:42.586 - DEBUG - Jemmy: Waiting for "Location12" subcomponent
20170130 19:27:42.586 - DEBUG - Jemmy: Start to wait action "Wait for "Location12" subcomponent to be displayed"
20170130 19:27:42.589 - DEBUG - Jemmy: "Wait for "Location12" subcomponent to be displayed" action has been produced in 2 milliseconds with result 
    : javax.swing.JButton[Location12,189,65,94x65,alignmentX=0.0,alignmentY=0.5,border=javax.swing.plaf.BorderUIResource$CompoundBorderUIResource@744b4e1b,flags=296,maximumSize=,minimumSize=,preferredSize=,defaultIcon=,disabledIcon=,disabledSelectedIcon=,margin=javax.swing.plaf.InsetsUIResource[top=2,left=14,bottom=2,right=14],paintBorder=true,paintFocus=true,pressedIcon=,rolloverEnabled=true,rolloverIcon=,rolloverSelectedIcon=,selectedIcon=,text=,defaultCapable=true]
20170130 19:27:42.712 - INFO - +---- END KW: SwingLibrary.Click On Component (132)
20170130 19:27:42.714 - INFO - +--- END KW: Mark Location (157)
~~~~~~~~~~~~~~~~~~~~~~~~~~~~~~~~~~~~~~~~~~~~~~~~~~~~~~~~~~~~~~~~~~~~~~~~~~~~~~
20170130 19:27:42.716 - INFO - +--- START KW: Check Location [ 1 | 2 | X ]
20170130 19:27:42.722 - INFO - +---- START KW: BuiltIn.Catenate [ SEPARATOR= | Location | ${row} | ${col} ]
20170130 19:27:42.728 - INFO - ${component} = Location12
20170130 19:27:42.730 - INFO - +---- END KW: BuiltIn.Catenate (8)
20170130 19:27:42.731 - INFO - +---- START KW: SwingLibrary.Get Button Text [ ${component} ]
20170130 19:27:42.738 - DEBUG - Jemmy: Waiting for "Location12" subcomponent
20170130 19:27:42.738 - DEBUG - Jemmy: Start to wait action "Wait for "Location12" subcomponent to be displayed"
20170130 19:27:42.744 - DEBUG - Jemmy: "Wait for "Location12" subcomponent to be displayed" action has been produced in 6 milliseconds with result 
    : javax.swing.JButton[Location12,189,65,94x65,alignmentX=0.0,alignmentY=0.5,border=javax.swing.plaf.BorderUIResource$CompoundBorderUIResource@744b4e1b,flags=296,maximumSize=,minimumSize=,preferredSize=,defaultIcon=,disabledIcon=,disabledSelectedIcon=,margin=javax.swing.plaf.InsetsUIResource[top=2,left=14,bottom=2,right=14],paintBorder=true,paintFocus=true,pressedIcon=,rolloverEnabled=true,rolloverIcon=,rolloverSelectedIcon=,selectedIcon=,text=X,defaultCapable=true]
20170130 19:27:42.773 - INFO - ${buttonText} = X
20170130 19:27:42.776 - INFO - +---- END KW: SwingLibrary.Get Button Text (44)
20170130 19:27:42.777 - INFO - +---- START KW: BuiltIn.Should Be Equal [ ${buttonText} | ${mark} ]
20170130 19:27:42.784 - INFO - +---- END KW: BuiltIn.Should Be Equal (6)
20170130 19:27:42.789 - INFO - +--- END KW: Check Location (73)
~~~~~~~~~~~~~~~~~~~~~~~~~~~~~~~~~~~~~~~~~~~~~~~~~~~~~~~~~~~~~~~~~~~~~~~~~~~~~~
20170130 19:27:42.790 - INFO - +--- START KW: Mark Location [ 1 | 0 ]
20170130 19:27:42.797 - INFO - +---- START KW: BuiltIn.Catenate [ SEPARATOR= | Location | ${row} | ${col} ]
20170130 19:27:42.811 - INFO - ${component} = Location10
20170130 19:27:42.813 - INFO - +---- END KW: BuiltIn.Catenate (15)
20170130 19:27:42.814 - INFO - +---- START KW: SwingLibrary.Click On Component [ ${component} ]
20170130 19:27:42.825 - DEBUG - Jemmy: Waiting for "Location10" subcomponent
20170130 19:27:42.825 - DEBUG - Jemmy: Start to wait action "Wait for "Location10" subcomponent to be displayed"
20170130 19:27:42.826 - DEBUG - Jemmy: "Wait for "Location10" subcomponent to be displayed" action has been produced in 1 milliseconds with result 
    : javax.swing.JButton[Location10,1,65,94x65,alignmentX=0.0,alignmentY=0.5,border=javax.swing.plaf.BorderUIResource$CompoundBorderUIResource@744b4e1b,flags=296,maximumSize=,minimumSize=,preferredSize=,defaultIcon=,disabledIcon=,disabledSelectedIcon=,margin=javax.swing.plaf.InsetsUIResource[top=2,left=14,bottom=2,right=14],paintBorder=true,paintFocus=true,pressedIcon=,rolloverEnabled=true,rolloverIcon=,rolloverSelectedIcon=,selectedIcon=,text=,defaultCapable=true]
20170130 19:27:42.848 - INFO - +---- END KW: SwingLibrary.Click On Component (34)
20170130 19:27:42.851 - INFO - +--- END KW: Mark Location (60)
~~~~~~~~~~~~~~~~~~~~~~~~~~~~~~~~~~~~~~~~~~~~~~~~~~~~~~~~~~~~~~~~~~~~~~~~~~~~~~
20170130 19:27:42.852 - INFO - +--- START KW: Check Location [ 1 | 0 | O ]
20170130 19:27:42.859 - INFO - +---- START KW: BuiltIn.Catenate [ SEPARATOR= | Location | ${row} | ${col} ]
20170130 19:27:42.867 - INFO - ${component} = Location10
20170130 19:27:42.872 - INFO - +---- END KW: BuiltIn.Catenate (11)
20170130 19:27:42.874 - INFO - +---- START KW: SwingLibrary.Get Button Text [ ${component} ]
20170130 19:27:42.880 - DEBUG - Jemmy: Waiting for "Location10" subcomponent
20170130 19:27:42.880 - DEBUG - Jemmy: Start to wait action "Wait for "Location10" subcomponent to be displayed"
20170130 19:27:42.883 - DEBUG - Jemmy: "Wait for "Location10" subcomponent to be displayed" action has been produced in 3 milliseconds with result 
    : javax.swing.JButton[Location10,1,65,94x65,alignmentX=0.0,alignmentY=0.5,border=javax.swing.plaf.BorderUIResource$CompoundBorderUIResource@744b4e1b,flags=296,maximumSize=,minimumSize=,preferredSize=,defaultIcon=,disabledIcon=,disabledSelectedIcon=,margin=javax.swing.plaf.InsetsUIResource[top=2,left=14,bottom=2,right=14],paintBorder=true,paintFocus=true,pressedIcon=,rolloverEnabled=true,rolloverIcon=,rolloverSelectedIcon=,selectedIcon=,text=O,defaultCapable=true]
20170130 19:27:42.899 - INFO - ${buttonText} = O
20170130 19:27:42.903 - INFO - +---- END KW: SwingLibrary.Get Button Text (29)
20170130 19:27:42.905 - INFO - +---- START KW: BuiltIn.Should Be Equal [ ${buttonText} | ${mark} ]
20170130 19:27:42.918 - INFO - +---- END KW: BuiltIn.Should Be Equal (12)
20170130 19:27:42.920 - INFO - +--- END KW: Check Location (67)
~~~~~~~~~~~~~~~~~~~~~~~~~~~~~~~~~~~~~~~~~~~~~~~~~~~~~~~~~~~~~~~~~~~~~~~~~~~~~~
20170130 19:27:42.921 - INFO - +--- START KW: Mark Location [ 2 | 2 ]
20170130 19:27:42.925 - INFO - +---- START KW: BuiltIn.Catenate [ SEPARATOR= | Location | ${row} | ${col} ]
20170130 19:27:42.933 - INFO - ${component} = Location22
20170130 19:27:42.938 - INFO - +---- END KW: BuiltIn.Catenate (13)
20170130 19:27:42.939 - INFO - +---- START KW: SwingLibrary.Click On Component [ ${component} ]
20170130 19:27:42.943 - DEBUG - Jemmy: Waiting for "Location22" subcomponent
20170130 19:27:42.943 - DEBUG - Jemmy: Start to wait action "Wait for "Location22" subcomponent to be displayed"
20170130 19:27:42.944 - DEBUG - Jemmy: "Wait for "Location22" subcomponent to be displayed" action has been produced in 1 milliseconds with result 
    : javax.swing.JButton[Location22,189,130,94x65,alignmentX=0.0,alignmentY=0.5,border=javax.swing.plaf.BorderUIResource$CompoundBorderUIResource@744b4e1b,flags=296,maximumSize=,minimumSize=,preferredSize=,defaultIcon=,disabledIcon=,disabledSelectedIcon=,margin=javax.swing.plaf.InsetsUIResource[top=2,left=14,bottom=2,right=14],paintBorder=true,paintFocus=true,pressedIcon=,rolloverEnabled=true,rolloverIcon=,rolloverSelectedIcon=,selectedIcon=,text=X,defaultCapable=true]
20170130 19:27:42.976 - INFO - +---- END KW: SwingLibrary.Click On Component (37)
20170130 19:27:42.979 - INFO - +--- END KW: Mark Location (57)
~~~~~~~~~~~~~~~~~~~~~~~~~~~~~~~~~~~~~~~~~~~~~~~~~~~~~~~~~~~~~~~~~~~~~~~~~~~~~~
20170130 19:27:42.981 - INFO - +--- START KW: Check Location [ 2 | 2 | X ]
20170130 19:27:42.987 - INFO - +---- START KW: BuiltIn.Catenate [ SEPARATOR= | Location | ${row} | ${col} ]
20170130 19:27:42.992 - INFO - ${component} = Location22
20170130 19:27:42.994 - INFO - +---- END KW: BuiltIn.Catenate (8)
20170130 19:27:42.995 - INFO - +---- START KW: SwingLibrary.Get Button Text [ ${component} ]
20170130 19:27:42.999 - DEBUG - Jemmy: Waiting for "Location22" subcomponent
20170130 19:27:42.999 - DEBUG - Jemmy: Start to wait action "Wait for "Location22" subcomponent to be displayed"
20170130 19:27:43.010 - DEBUG - Jemmy: "Wait for "Location22" subcomponent to be displayed" action has been produced in 10 milliseconds with result 
    : javax.swing.JButton[Location22,189,130,94x65,alignmentX=0.0,alignmentY=0.5,border=javax.swing.plaf.BorderUIResource$CompoundBorderUIResource@744b4e1b,flags=296,maximumSize=,minimumSize=,preferredSize=,defaultIcon=,disabledIcon=,disabledSelectedIcon=,margin=javax.swing.plaf.InsetsUIResource[top=2,left=14,bottom=2,right=14],paintBorder=true,paintFocus=true,pressedIcon=,rolloverEnabled=true,rolloverIcon=,rolloverSelectedIcon=,selectedIcon=,text=X,defaultCapable=true]
20170130 19:27:43.014 - INFO - ${buttonText} = X
20170130 19:27:43.018 - INFO - +---- END KW: SwingLibrary.Get Button Text (22)
20170130 19:27:43.020 - INFO - +---- START KW: BuiltIn.Should Be Equal [ ${buttonText} | ${mark} ]
20170130 19:27:43.026 - INFO - +---- END KW: BuiltIn.Should Be Equal (6)
20170130 19:27:43.029 - INFO - +--- END KW: Check Location (47)
~~~~~~~~~~~~~~~~~~~~~~~~~~~~~~~~~~~~~~~~~~~~~~~~~~~~~~~~~~~~~~~~~~~~~~~~~~~~~~
20170130 19:27:43.030 - INFO - +--- START KW: Winner Should Be [ TIE ]
20170130 19:27:43.035 - INFO - +---- START KW: SwingLibrary.Get Label Content [ ResultLabel ]
20170130 19:27:43.039 - DEBUG - Jemmy: Waiting for "ResultLabel" subcomponent
20170130 19:27:43.039 - DEBUG - Jemmy: Start to wait action "Wait for "ResultLabel" subcomponent to be displayed"
20170130 19:27:43.041 - DEBUG - Jemmy: "Wait for "ResultLabel" subcomponent to be displayed" action has been produced in 1 milliseconds with result 
    : javax.swing.JLabel[ResultLabel,1,195,94x65,alignmentX=0.0,alignmentY=0.0,border=,flags=8388608,maximumSize=,minimumSize=,preferredSize=,defaultIcon=,disabledIcon=,horizontalAlignment=LEADING,horizontalTextPosition=TRAILING,iconTextGap=4,labelFor=,text=PLAYER: O,verticalAlignment=CENTER,verticalTextPosition=CENTER]
20170130 19:27:43.048 - INFO - ${text} = PLAYER: O
20170130 19:27:43.050 - INFO - +---- END KW: SwingLibrary.Get Label Content (14)
20170130 19:27:43.055 - INFO - +---- START KW: BuiltIn.Should Be Equal [ ${text} | ${winner} ]
20170130 19:27:43.061 - FAIL - PLAYER: O != TIE
20170130 19:27:43.063 - DEBUG - Traceback (most recent call last):
  None
20170130 19:27:43.064 - INFO - +---- END KW: BuiltIn.Should Be Equal (13)
20170130 19:27:43.067 - INFO - +--- END KW: Winner Should Be (37)
------------------------------------------------------------------------------
20170130 19:27:43.113 - INFO - +-- END TEST: Force a Tie (1651)
------------------------------------------------------------------------------
20170130 19:27:43.176 - INFO - +- END SUITE: Acceptancetest.TicTacToeGUITests (8163)
==============================================================================
20170130 19:27:43.208 - INFO - + END SUITE: Acceptancetest (9049)
==============================================================================
